gcopenmp.out results:
==========================================
Input size:		12		 	TEST PASSed
	Parallel wall clock time using 1 thread: 0.000630 sec

Input size:		12		 	TEST PASSed
	Parallel wall clock time using 2 threads: 0.000490 sec

Input size:		12		 	TEST PASSed
	Parallel wall clock time using 4 threads: 0.000268 sec

Input size:		12		 	TEST PASSed
	Parallel wall clock time using 8 threads: 0.000399 sec

Input size:		12		 	TEST PASSed
	Parallel wall clock time using 16 threads: 0.000738 sec

Input size:		12		 	TEST PASSed
	Parallel wall clock time using 32 threads: 0.001259 sec

Input size:		12		 	TEST PASSed
	Parallel wall clock time using 64 threads: 0.002085 sec

Input size:		12		 	TEST PASSed
	Parallel wall clock time using 128 threads: 0.004488 sec

Input size:		12		 	TEST PASSed
	Parallel wall clock time using 256 threads: 0.007779 sec

Input size:		13		 	TEST PASSed
	Parallel wall clock time using 1 thread: 0.000770 sec

Input size:		13		 	TEST PASSed
	Parallel wall clock time using 2 threads: 0.000595 sec

Input size:		13		 	TEST PASSed
	Parallel wall clock time using 4 threads: 0.000508 sec

Input size:		13		 	TEST PASSed
	Parallel wall clock time using 8 threads: 0.000683 sec

Input size:		13		 	TEST PASSed
	Parallel wall clock time using 16 threads: 0.000997 sec

Input size:		13		 	TEST PASSed
	Parallel wall clock time using 32 threads: 0.005249 sec

Input size:		13		 	TEST PASSed
	Parallel wall clock time using 64 threads: 0.002552 sec

Input size:		13		 	TEST PASSed
	Parallel wall clock time using 128 threads: 0.004286 sec

Input size:		13		 	TEST PASSed
	Parallel wall clock time using 256 threads: 0.007522 sec

Input size:		14		 	TEST PASSed
	Parallel wall clock time using 1 thread: 0.001326 sec

Input size:		14		 	TEST PASSed
	Parallel wall clock time using 2 threads: 0.000765 sec

Input size:		14		 	TEST PASSed
	Parallel wall clock time using 4 threads: 0.000712 sec

Input size:		14		 	TEST PASSed
	Parallel wall clock time using 8 threads: 0.000768 sec

Input size:		14		 	TEST PASSed
	Parallel wall clock time using 16 threads: 0.001043 sec

Input size:		14		 	TEST PASSed
	Parallel wall clock time using 32 threads: 0.001402 sec

Input size:		14		 	TEST PASSed
	Parallel wall clock time using 64 threads: 0.004615 sec

Input size:		14		 	TEST PASSed
	Parallel wall clock time using 128 threads: 0.004726 sec

Input size:		14		 	TEST PASSed
	Parallel wall clock time using 256 threads: 0.007545 sec

Input size:		15		 	TEST PASSed
	Parallel wall clock time using 1 thread: 0.002271 sec

Input size:		15		 	TEST PASSed
	Parallel wall clock time using 2 threads: 0.002090 sec

Input size:		15		 	TEST PASSed
	Parallel wall clock time using 4 threads: 0.001286 sec

Input size:		15		 	TEST PASSed
	Parallel wall clock time using 8 threads: 0.001479 sec

Input size:		15		 	TEST PASSed
	Parallel wall clock time using 16 threads: 0.001571 sec

Input size:		15		 	TEST PASSed
	Parallel wall clock time using 32 threads: 0.002638 sec

Input size:		15		 	TEST PASSed
	Parallel wall clock time using 64 threads: 0.003136 sec

Input size:		15		 	TEST PASSed
	Parallel wall clock time using 128 threads: 0.004755 sec

Input size:		15		 	TEST PASSed
	Parallel wall clock time using 256 threads: 0.006301 sec

Input size:		16		 	TEST PASSed
	Parallel wall clock time using 1 thread: 0.005051 sec

Input size:		16		 	TEST PASSed
	Parallel wall clock time using 2 threads: 0.004079 sec

Input size:		16		 	TEST PASSed
	Parallel wall clock time using 4 threads: 0.002298 sec

Input size:		16		 	TEST PASSed
	Parallel wall clock time using 8 threads: 0.002378 sec

Input size:		16		 	TEST PASSed
	Parallel wall clock time using 16 threads: 0.002242 sec

Input size:		16		 	TEST PASSed
	Parallel wall clock time using 32 threads: 0.003406 sec

Input size:		16		 	TEST PASSed
	Parallel wall clock time using 64 threads: 0.005178 sec

Input size:		16		 	TEST PASSed
	Parallel wall clock time using 128 threads: 0.006648 sec

Input size:		16		 	TEST PASSed
	Parallel wall clock time using 256 threads: 0.009764 sec

Input size:		17		 	TEST PASSed
	Parallel wall clock time using 1 thread: 0.012922 sec

Input size:		17		 	TEST PASSed
	Parallel wall clock time using 2 threads: 0.006920 sec

Input size:		17		 	TEST PASSed
	Parallel wall clock time using 4 threads: 0.004635 sec

Input size:		17		 	TEST PASSed
	Parallel wall clock time using 8 threads: 0.003995 sec

Input size:		17		 	TEST PASSed
	Parallel wall clock time using 16 threads: 0.004181 sec

Input size:		17		 	TEST PASSed
	Parallel wall clock time using 32 threads: 0.006481 sec

Input size:		17		 	TEST PASSed
	Parallel wall clock time using 64 threads: 0.006463 sec

Input size:		17		 	TEST PASSed
	Parallel wall clock time using 128 threads: 0.008419 sec

Input size:		17		 	TEST PASSed
	Parallel wall clock time using 256 threads: 0.011406 sec

Input size:		18		 	TEST PASSed
	Parallel wall clock time using 1 thread: 0.023102 sec

Input size:		18		 	TEST PASSed
	Parallel wall clock time using 2 threads: 0.016009 sec

Input size:		18		 	TEST PASSed
	Parallel wall clock time using 4 threads: 0.008696 sec

Input size:		18		 	TEST PASSed
	Parallel wall clock time using 8 threads: 0.007950 sec

Input size:		18		 	TEST PASSed
	Parallel wall clock time using 16 threads: 0.006889 sec

Input size:		18		 	TEST PASSed
	Parallel wall clock time using 32 threads: 0.011083 sec

Input size:		18		 	TEST PASSed
	Parallel wall clock time using 64 threads: 0.010734 sec

Input size:		18		 	TEST PASSed
	Parallel wall clock time using 128 threads: 0.012314 sec

Input size:		18		 	TEST PASSed
	Parallel wall clock time using 256 threads: 0.017887 sec

Input size:		19		 	TEST PASSed
	Parallel wall clock time using 1 thread: 0.046211 sec

Input size:		19		 	TEST PASSed
	Parallel wall clock time using 2 threads: 0.027975 sec

Input size:		19		 	TEST PASSed
	Parallel wall clock time using 4 threads: 0.019097 sec

Input size:		19		 	TEST PASSed
	Parallel wall clock time using 8 threads: 0.016680 sec

Input size:		19		 	TEST PASSed
	Parallel wall clock time using 16 threads: 0.015438 sec

Input size:		19		 	TEST PASSed
	Parallel wall clock time using 32 threads: 0.019317 sec

Input size:		19		 	TEST PASSed
	Parallel wall clock time using 64 threads: 0.016902 sec

Input size:		19		 	TEST PASSed
	Parallel wall clock time using 128 threads: 0.020578 sec

Input size:		19		 	TEST PASSed
	Parallel wall clock time using 256 threads: 0.024581 sec

Input size:		20		 	TEST PASSed
	Parallel wall clock time using 1 thread: 0.102260 sec

Input size:		20		 	TEST PASSed
	Parallel wall clock time using 2 threads: 0.054899 sec

Input size:		20		 	TEST PASSed
	Parallel wall clock time using 4 threads: 0.035568 sec

Input size:		20		 	TEST PASSed
	Parallel wall clock time using 8 threads: 0.028986 sec

Input size:		20		 	TEST PASSed
	Parallel wall clock time using 16 threads: 0.035844 sec

Input size:		20		 	TEST PASSed
	Parallel wall clock time using 32 threads: 0.037878 sec

Input size:		20		 	TEST PASSed
	Parallel wall clock time using 64 threads: 0.038677 sec

Input size:		20		 	TEST PASSed
	Parallel wall clock time using 128 threads: 0.037619 sec

Input size:		20		 	TEST PASSed
	Parallel wall clock time using 256 threads: 0.041893 sec

Input size:		21		 	TEST PASSed
	Parallel wall clock time using 1 thread: 0.207632 sec

Input size:		21		 	TEST PASSed
	Parallel wall clock time using 2 threads: 0.109734 sec

Input size:		21		 	TEST PASSed
	Parallel wall clock time using 4 threads: 0.065655 sec

Input size:		21		 	TEST PASSed
	Parallel wall clock time using 8 threads: 0.061587 sec

Input size:		21		 	TEST PASSed
	Parallel wall clock time using 16 threads: 0.056790 sec

Input size:		21		 	TEST PASSed
	Parallel wall clock time using 32 threads: 0.061506 sec

Input size:		21		 	TEST PASSed
	Parallel wall clock time using 64 threads: 0.061452 sec

Input size:		21		 	TEST PASSed
	Parallel wall clock time using 128 threads: 0.069935 sec

Input size:		21		 	TEST PASSed
	Parallel wall clock time using 256 threads: 0.076009 sec

Input size:		22		 	TEST PASSed
	Parallel wall clock time using 1 thread: 0.420960 sec

Input size:		22		 	TEST PASSed
	Parallel wall clock time using 2 threads: 0.228338 sec

Input size:		22		 	TEST PASSed
	Parallel wall clock time using 4 threads: 0.138020 sec

Input size:		22		 	TEST PASSed
	Parallel wall clock time using 8 threads: 0.118977 sec

Input size:		22		 	TEST PASSed
	Parallel wall clock time using 16 threads: 0.122710 sec

Input size:		22		 	TEST PASSed
	Parallel wall clock time using 32 threads: 0.122773 sec

Input size:		22		 	TEST PASSed
	Parallel wall clock time using 64 threads: 0.125177 sec

Input size:		22		 	TEST PASSed
	Parallel wall clock time using 128 threads: 0.130095 sec

Input size:		22		 	TEST PASSed
	Parallel wall clock time using 256 threads: 0.129140 sec

Input size:		23		 	TEST PASSed
	Parallel wall clock time using 1 thread: 0.881021 sec

Input size:		23		 	TEST PASSed
	Parallel wall clock time using 2 threads: 0.475082 sec

Input size:		23		 	TEST PASSed
	Parallel wall clock time using 4 threads: 0.279856 sec

Input size:		23		 	TEST PASSed
	Parallel wall clock time using 8 threads: 0.236869 sec

Input size:		23		 	TEST PASSed
	Parallel wall clock time using 16 threads: 0.234710 sec

Input size:		23		 	TEST PASSed
	Parallel wall clock time using 32 threads: 0.232901 sec

Input size:		23		 	TEST PASSed
	Parallel wall clock time using 64 threads: 0.251027 sec

Input size:		23		 	TEST PASSed
	Parallel wall clock time using 128 threads: 0.279796 sec

Input size:		23		 	TEST PASSed
	Parallel wall clock time using 256 threads: 0.276653 sec

Input size:		24		 	TEST PASSed
	Parallel wall clock time using 1 thread: 1.839126 sec

Input size:		24		 	TEST PASSed
	Parallel wall clock time using 1 thread: 1.838740 sec

Input size:		24		 	TEST PASSed
	Parallel wall clock time using 1 thread: 1.833789 sec

Input size:		24		 	TEST PASSed
	Parallel wall clock time using 2 threads: 0.967935 sec

Input size:		24		 	TEST PASSed
	Parallel wall clock time using 2 threads: 0.974728 sec

Input size:		24		 	TEST PASSed
	Parallel wall clock time using 2 threads: 0.960476 sec

Input size:		24		 	TEST PASSed
	Parallel wall clock time using 4 threads: 0.591061 sec

Input size:		24		 	TEST PASSed
	Parallel wall clock time using 4 threads: 0.597543 sec

Input size:		24		 	TEST PASSed
	Parallel wall clock time using 4 threads: 0.590371 sec

Input size:		24		 	TEST PASSed
	Parallel wall clock time using 8 threads: 0.508146 sec

Input size:		24		 	TEST PASSed
	Parallel wall clock time using 8 threads: 0.503644 sec

Input size:		24		 	TEST PASSed
	Parallel wall clock time using 8 threads: 0.513010 sec

Input size:		24		 	TEST PASSed
	Parallel wall clock time using 16 threads: 0.504354 sec

Input size:		24		 	TEST PASSed
	Parallel wall clock time using 16 threads: 0.517926 sec

Input size:		24		 	TEST PASSed
	Parallel wall clock time using 16 threads: 0.515959 sec

Input size:		24		 	TEST PASSed
	Parallel wall clock time using 32 threads: 0.512401 sec

Input size:		24		 	TEST PASSed
	Parallel wall clock time using 32 threads: 0.513889 sec

Input size:		24		 	TEST PASSed
	Parallel wall clock time using 32 threads: 0.512275 sec

Input size:		24		 	TEST PASSed
	Parallel wall clock time using 64 threads: 0.558806 sec

Input size:		24		 	TEST PASSed
	Parallel wall clock time using 64 threads: 0.555640 sec

Input size:		24		 	TEST PASSed
	Parallel wall clock time using 64 threads: 0.530094 sec

Input size:		24		 	TEST PASSed
	Parallel wall clock time using 128 threads: 0.526293 sec

Input size:		24		 	TEST PASSed
	Parallel wall clock time using 128 threads: 0.550888 sec

Input size:		24		 	TEST PASSed
	Parallel wall clock time using 128 threads: 0.553987 sec

Input size:		24		 	TEST PASSed
	Parallel wall clock time using 256 threads: 0.568914 sec

Input size:		24		 	TEST PASSed
	Parallel wall clock time using 256 threads: 0.569545 sec

Input size:		24		 	TEST PASSed
	Parallel wall clock time using 256 threads: 0.568772 sec

