iccilk.out results:
==========================================
Input size:		16		Valid number of workers
TEST PASSed
	Parallel wall clock time using 2 threads: 0.004833 sec

Input size:		16		Valid number of workers
TEST PASSed
	Parallel wall clock time using 4 threads: 0.002591 sec

Input size:		16		Valid number of workers
TEST PASSed
	Parallel wall clock time using 8 threads: 0.003010 sec

Input size:		16		Valid number of workers
TEST PASSed
	Parallel wall clock time using 16 threads: 0.019497 sec

Input size:		16		Valid number of workers
TEST PASSed
	Parallel wall clock time using 32 threads: 0.027978 sec

Input size:		16		Valid number of workers
TEST PASSed
	Parallel wall clock time using 64 threads: 0.023473 sec

Input size:		16		Not valid number of workers
TEST PASSed
	Parallel wall clock time using 128 threads: 0.006910 sec

Input size:		16		Not valid number of workers
TEST PASSed
	Parallel wall clock time using 256 threads: 0.002336 sec

Input size:		17		Valid number of workers
TEST PASSed
	Parallel wall clock time using 2 threads: 0.009194 sec

Input size:		17		Valid number of workers
TEST PASSed
	Parallel wall clock time using 4 threads: 0.004899 sec

Input size:		17		Valid number of workers
TEST PASSed
	Parallel wall clock time using 8 threads: 0.006464 sec

Input size:		17		Valid number of workers
TEST PASSed
	Parallel wall clock time using 16 threads: 0.011930 sec

Input size:		17		Valid number of workers
TEST PASSed
	Parallel wall clock time using 32 threads: 0.048193 sec

Input size:		17		Valid number of workers
TEST PASSed
	Parallel wall clock time using 64 threads: 0.027240 sec

Input size:		17		Not valid number of workers
TEST PASSed
	Parallel wall clock time using 128 threads: 0.004952 sec

Input size:		17		Not valid number of workers
TEST PASSed
	Parallel wall clock time using 256 threads: 0.004896 sec

Input size:		18		Valid number of workers
TEST PASSed
	Parallel wall clock time using 2 threads: 0.017108 sec

Input size:		18		Valid number of workers
TEST PASSed
	Parallel wall clock time using 4 threads: 0.011600 sec

Input size:		18		Valid number of workers
TEST PASSed
	Parallel wall clock time using 8 threads: 0.013799 sec

Input size:		18		Valid number of workers
TEST PASSed
	Parallel wall clock time using 16 threads: 0.009952 sec

Input size:		18		Valid number of workers
TEST PASSed
	Parallel wall clock time using 32 threads: 0.058366 sec

Input size:		18		Valid number of workers
TEST PASSed
	Parallel wall clock time using 64 threads: 0.079868 sec

Input size:		18		Not valid number of workers
TEST PASSed
	Parallel wall clock time using 128 threads: 0.009443 sec

Input size:		18		Not valid number of workers
TEST PASSed
	Parallel wall clock time using 256 threads: 0.008782 sec

Input size:		19		Valid number of workers
TEST PASSed
	Parallel wall clock time using 2 threads: 0.033485 sec

Input size:		19		Valid number of workers
TEST PASSed
	Parallel wall clock time using 4 threads: 0.023283 sec

Input size:		19		Valid number of workers
TEST PASSed
	Parallel wall clock time using 8 threads: 0.026550 sec

Input size:		19		Valid number of workers
TEST PASSed
	Parallel wall clock time using 16 threads: 0.034833 sec

Input size:		19		Valid number of workers
TEST PASSed
	Parallel wall clock time using 32 threads: 0.036807 sec

Input size:		19		Valid number of workers
TEST PASSed
	Parallel wall clock time using 64 threads: 0.169735 sec

Input size:		19		Not valid number of workers
TEST PASSed
	Parallel wall clock time using 128 threads: 0.022093 sec

Input size:		19		Not valid number of workers
TEST PASSed
	Parallel wall clock time using 256 threads: 0.023612 sec

Input size:		20		Valid number of workers
TEST PASSed
	Parallel wall clock time using 2 threads: 0.067437 sec

Input size:		20		Valid number of workers
TEST PASSed
	Parallel wall clock time using 4 threads: 0.038678 sec

Input size:		20		Valid number of workers
TEST PASSed
	Parallel wall clock time using 8 threads: 0.037798 sec

Input size:		20		Valid number of workers
TEST PASSed
	Parallel wall clock time using 16 threads: 0.046674 sec

Input size:		20		Valid number of workers
TEST PASSed
	Parallel wall clock time using 32 threads: 0.139267 sec

Input size:		20		Valid number of workers
TEST PASSed
	Parallel wall clock time using 64 threads: 0.154812 sec

Input size:		20		Not valid number of workers
TEST PASSed
	Parallel wall clock time using 128 threads: 0.040660 sec

Input size:		20		Not valid number of workers
TEST PASSed
	Parallel wall clock time using 256 threads: 0.036473 sec

Input size:		21		Valid number of workers
TEST PASSed
	Parallel wall clock time using 2 threads: 0.135167 sec

Input size:		21		Valid number of workers
TEST PASSed
	Parallel wall clock time using 4 threads: 0.078067 sec

Input size:		21		Valid number of workers
TEST PASSed
	Parallel wall clock time using 8 threads: 0.073785 sec

Input size:		21		Valid number of workers
TEST PASSed
	Parallel wall clock time using 16 threads: 0.086855 sec

Input size:		21		Valid number of workers
TEST PASSed
	Parallel wall clock time using 32 threads: 0.084140 sec

Input size:		21		Valid number of workers
TEST PASSed
	Parallel wall clock time using 64 threads: 0.290136 sec

Input size:		21		Not valid number of workers
TEST PASSed
	Parallel wall clock time using 128 threads: 0.065049 sec

Input size:		21		Not valid number of workers
TEST PASSed
	Parallel wall clock time using 256 threads: 0.067585 sec

Input size:		22		Valid number of workers
TEST PASSed
	Parallel wall clock time using 2 threads: 0.265750 sec

Input size:		22		Valid number of workers
TEST PASSed
	Parallel wall clock time using 4 threads: 0.163314 sec

Input size:		22		Valid number of workers
TEST PASSed
	Parallel wall clock time using 8 threads: 0.125942 sec

Input size:		22		Valid number of workers
TEST PASSed
	Parallel wall clock time using 16 threads: 0.135922 sec

Input size:		22		Valid number of workers
TEST PASSed
	Parallel wall clock time using 32 threads: 0.152582 sec

Input size:		22		Valid number of workers
TEST PASSed
	Parallel wall clock time using 64 threads: 0.361303 sec

Input size:		22		Not valid number of workers
TEST PASSed
	Parallel wall clock time using 128 threads: 0.135359 sec

Input size:		22		Not valid number of workers
TEST PASSed
	Parallel wall clock time using 256 threads: 0.138302 sec

Input size:		23		Valid number of workers
TEST PASSed
	Parallel wall clock time using 2 threads: 0.541323 sec

Input size:		23		Valid number of workers
TEST PASSed
	Parallel wall clock time using 4 threads: 0.319326 sec

Input size:		23		Valid number of workers
TEST PASSed
	Parallel wall clock time using 8 threads: 0.259934 sec

Input size:		23		Valid number of workers
TEST PASSed
	Parallel wall clock time using 16 threads: 0.271139 sec

Input size:		23		Valid number of workers
TEST PASSed
	Parallel wall clock time using 32 threads: 0.354758 sec

Input size:		23		Valid number of workers
TEST PASSed
	Parallel wall clock time using 64 threads: 0.621994 sec

Input size:		23		Not valid number of workers
TEST PASSed
	Parallel wall clock time using 128 threads: 0.294365 sec

Input size:		23		Not valid number of workers
TEST PASSed
	Parallel wall clock time using 256 threads: 0.265951 sec

Input size:		24		Valid number of workers
TEST PASSed
	Parallel wall clock time using 2 threads: 1.145603 sec

Input size:		24		Valid number of workers
TEST PASSed
	Parallel wall clock time using 2 threads: 1.114930 sec

Input size:		24		Valid number of workers
TEST PASSed
	Parallel wall clock time using 2 threads: 1.118527 sec

Input size:		24		Valid number of workers
TEST PASSed
	Parallel wall clock time using 4 threads: 0.675075 sec

Input size:		24		Valid number of workers
TEST PASSed
	Parallel wall clock time using 4 threads: 0.673240 sec

Input size:		24		Valid number of workers
TEST PASSed
	Parallel wall clock time using 4 threads: 0.676634 sec

Input size:		24		Valid number of workers
TEST PASSed
	Parallel wall clock time using 8 threads: 0.564099 sec

Input size:		24		Valid number of workers
TEST PASSed
	Parallel wall clock time using 8 threads: 0.551393 sec

Input size:		24		Valid number of workers
TEST PASSed
	Parallel wall clock time using 8 threads: 0.652042 sec

Input size:		24		Valid number of workers
TEST PASSed
	Parallel wall clock time using 16 threads: 0.633259 sec

Input size:		24		Valid number of workers
TEST PASSed
	Parallel wall clock time using 16 threads: 0.651002 sec

Input size:		24		Valid number of workers
TEST PASSed
	Parallel wall clock time using 16 threads: 0.573600 sec

Input size:		24		Valid number of workers
TEST PASSed
	Parallel wall clock time using 32 threads: 1.076612 sec

Input size:		24		Valid number of workers
TEST PASSed
	Parallel wall clock time using 32 threads: 0.854499 sec

Input size:		24		Valid number of workers
TEST PASSed
	Parallel wall clock time using 32 threads: 0.929876 sec

Input size:		24		Valid number of workers
TEST PASSed
	Parallel wall clock time using 64 threads: 1.470172 sec

Input size:		24		Valid number of workers
TEST PASSed
	Parallel wall clock time using 64 threads: 1.931692 sec

Input size:		24		Valid number of workers
TEST PASSed
	Parallel wall clock time using 64 threads: 1.974722 sec

Input size:		24		Not valid number of workers
TEST PASSed
	Parallel wall clock time using 128 threads: 0.562058 sec

Input size:		24		Not valid number of workers
TEST PASSed
	Parallel wall clock time using 128 threads: 0.608961 sec

Input size:		24		Not valid number of workers
TEST PASSed
	Parallel wall clock time using 128 threads: 0.527549 sec

Input size:		24		Not valid number of workers
TEST PASSed
	Parallel wall clock time using 256 threads: 0.544211 sec

Input size:		24		Not valid number of workers
TEST PASSed
	Parallel wall clock time using 256 threads: 0.547980 sec

Input size:		24		Not valid number of workers
TEST PASSed
	Parallel wall clock time using 256 threads: 0.535205 sec

