gcpthread.out results:
==========================================
Input size:		12		 	TEST PASSed
	Parallel wall clock time using 1 thread: 0.000250 sec

Input size:		12		 	TEST PASSed
	Parallel wall clock time using 2 threads: 0.000222 sec

Input size:		12		 	TEST PASSed
	Parallel wall clock time using 4 threads: 0.000239 sec

Input size:		12		 	TEST PASSed
	Parallel wall clock time using 8 threads: 0.000291 sec

Input size:		12		 	TEST PASSed
	Parallel wall clock time using 16 threads: 0.000238 sec

Input size:		12		 	TEST PASSed
	Parallel wall clock time using 32 threads: 0.000253 sec

Input size:		12		 	TEST PASSed
	Parallel wall clock time using 64 threads: 0.002741 sec

Input size:		12		 	TEST PASSed
	Parallel wall clock time using 128 threads: 0.000290 sec

Input size:		12		 	TEST PASSed
	Parallel wall clock time using 256 threads: 0.000261 sec

Input size:		13		 	TEST PASSed
	Parallel wall clock time using 1 thread: 0.000794 sec

Input size:		13		 	TEST PASSed
	Parallel wall clock time using 2 threads: 0.000718 sec

Input size:		13		 	TEST PASSed
	Parallel wall clock time using 4 threads: 0.000607 sec

Input size:		13		 	TEST PASSed
	Parallel wall clock time using 8 threads: 0.002172 sec

Input size:		13		 	TEST PASSed
	Parallel wall clock time using 16 threads: 0.005088 sec

Input size:		13		 	TEST PASSed
	Parallel wall clock time using 32 threads: 0.003914 sec

Input size:		13		 	TEST PASSed
	Parallel wall clock time using 64 threads: 0.000701 sec

Input size:		13		 	TEST PASSed
	Parallel wall clock time using 128 threads: 0.000751 sec

Input size:		13		 	TEST PASSed
	Parallel wall clock time using 256 threads: 0.000799 sec

Input size:		14		 	TEST PASSed
	Parallel wall clock time using 1 thread: 0.001521 sec

Input size:		14		 	TEST PASSed
	Parallel wall clock time using 2 threads: 0.001070 sec

Input size:		14		 	TEST PASSed
	Parallel wall clock time using 4 threads: 0.001706 sec

Input size:		14		 	TEST PASSed
	Parallel wall clock time using 8 threads: 0.001057 sec

Input size:		14		 	TEST PASSed
	Parallel wall clock time using 16 threads: 0.001271 sec

Input size:		14		 	TEST PASSed
	Parallel wall clock time using 32 threads: 0.002337 sec

Input size:		14		 	TEST PASSed
	Parallel wall clock time using 64 threads: 0.002003 sec

Input size:		14		 	TEST PASSed
	Parallel wall clock time using 128 threads: 0.001314 sec

Input size:		14		 	TEST PASSed
	Parallel wall clock time using 256 threads: 0.001309 sec

Input size:		15		 	TEST PASSed
	Parallel wall clock time using 1 thread: 0.002316 sec

Input size:		15		 	TEST PASSed
	Parallel wall clock time using 2 threads: 0.002317 sec

Input size:		15		 	TEST PASSed
	Parallel wall clock time using 4 threads: 0.002294 sec

Input size:		15		 	TEST PASSed
	Parallel wall clock time using 8 threads: 0.002165 sec

Input size:		15		 	TEST PASSed
	Parallel wall clock time using 16 threads: 0.002152 sec

Input size:		15		 	TEST PASSed
	Parallel wall clock time using 32 threads: 0.002918 sec

Input size:		15		 	TEST PASSed
	Parallel wall clock time using 64 threads: 0.004099 sec

Input size:		15		 	TEST PASSed
	Parallel wall clock time using 128 threads: 0.002442 sec

Input size:		15		 	TEST PASSed
	Parallel wall clock time using 256 threads: 0.003400 sec

Input size:		16		 	TEST PASSed
	Parallel wall clock time using 1 thread: 0.007879 sec

Input size:		16		 	TEST PASSed
	Parallel wall clock time using 2 threads: 0.006932 sec

Input size:		16		 	TEST PASSed
	Parallel wall clock time using 4 threads: 0.005299 sec

Input size:		16		 	TEST PASSed
	Parallel wall clock time using 8 threads: 0.004856 sec

Input size:		16		 	TEST PASSed
	Parallel wall clock time using 16 threads: 0.005269 sec

Input size:		16		 	TEST PASSed
	Parallel wall clock time using 32 threads: 0.004262 sec

Input size:		16		 	TEST PASSed
	Parallel wall clock time using 64 threads: 0.006636 sec

Input size:		16		 	TEST PASSed
	Parallel wall clock time using 128 threads: 0.004074 sec

Input size:		16		 	TEST PASSed
	Parallel wall clock time using 256 threads: 0.007750 sec

Input size:		17		 	TEST PASSed
	Parallel wall clock time using 1 thread: 0.011432 sec

Input size:		17		 	TEST PASSed
	Parallel wall clock time using 2 threads: 0.009234 sec

Input size:		17		 	TEST PASSed
	Parallel wall clock time using 4 threads: 0.009599 sec

Input size:		17		 	TEST PASSed
	Parallel wall clock time using 8 threads: 0.007532 sec

Input size:		17		 	TEST PASSed
	Parallel wall clock time using 16 threads: 0.006425 sec

Input size:		17		 	TEST PASSed
	Parallel wall clock time using 32 threads: 0.008628 sec

Input size:		17		 	TEST PASSed
	Parallel wall clock time using 64 threads: 0.009264 sec

Input size:		17		 	TEST PASSed
	Parallel wall clock time using 128 threads: 0.008674 sec

Input size:		17		 	TEST PASSed
	Parallel wall clock time using 256 threads: 0.008186 sec

Input size:		18		 	TEST PASSed
	Parallel wall clock time using 1 thread: 0.022166 sec

Input size:		18		 	TEST PASSed
	Parallel wall clock time using 2 threads: 0.021018 sec

Input size:		18		 	TEST PASSed
	Parallel wall clock time using 4 threads: 0.021723 sec

Input size:		18		 	TEST PASSed
	Parallel wall clock time using 8 threads: 0.015669 sec

Input size:		18		 	TEST PASSed
	Parallel wall clock time using 16 threads: 0.013787 sec

Input size:		18		 	TEST PASSed
	Parallel wall clock time using 32 threads: 0.013937 sec

Input size:		18		 	TEST PASSed
	Parallel wall clock time using 64 threads: 0.015316 sec

Input size:		18		 	TEST PASSed
	Parallel wall clock time using 128 threads: 0.015392 sec

Input size:		18		 	TEST PASSed
	Parallel wall clock time using 256 threads: 0.017127 sec

Input size:		19		 	TEST PASSed
	Parallel wall clock time using 1 thread: 0.048568 sec

Input size:		19		 	TEST PASSed
	Parallel wall clock time using 2 threads: 0.036686 sec

Input size:		19		 	TEST PASSed
	Parallel wall clock time using 4 threads: 0.034047 sec

Input size:		19		 	TEST PASSed
	Parallel wall clock time using 8 threads: 0.023413 sec

Input size:		19		 	TEST PASSed
	Parallel wall clock time using 16 threads: 0.022560 sec

Input size:		19		 	TEST PASSed
	Parallel wall clock time using 32 threads: 0.023946 sec

Input size:		19		 	TEST PASSed
	Parallel wall clock time using 64 threads: 0.026238 sec

Input size:		19		 	TEST PASSed
	Parallel wall clock time using 128 threads: 0.028781 sec

Input size:		19		 	TEST PASSed
	Parallel wall clock time using 256 threads: 0.031223 sec

Input size:		20		 	TEST PASSed
	Parallel wall clock time using 1 thread: 0.068792 sec

Input size:		20		 	TEST PASSed
	Parallel wall clock time using 2 threads: 0.048670 sec

Input size:		20		 	TEST PASSed
	Parallel wall clock time using 4 threads: 0.046767 sec

Input size:		20		 	TEST PASSed
	Parallel wall clock time using 8 threads: 0.042134 sec

Input size:		20		 	TEST PASSed
	Parallel wall clock time using 16 threads: 0.044278 sec

Input size:		20		 	TEST PASSed
	Parallel wall clock time using 32 threads: 0.042484 sec

Input size:		20		 	TEST PASSed
	Parallel wall clock time using 64 threads: 0.047620 sec

Input size:		20		 	TEST PASSed
	Parallel wall clock time using 128 threads: 0.050005 sec

Input size:		20		 	TEST PASSed
	Parallel wall clock time using 256 threads: 0.052547 sec

Input size:		21		 	TEST PASSed
	Parallel wall clock time using 1 thread: 0.167546 sec

Input size:		21		 	TEST PASSed
	Parallel wall clock time using 2 threads: 0.168958 sec

Input size:		21		 	TEST PASSed
	Parallel wall clock time using 4 threads: 0.140932 sec

Input size:		21		 	TEST PASSed
	Parallel wall clock time using 8 threads: 0.110304 sec

Input size:		21		 	TEST PASSed
	Parallel wall clock time using 16 threads: 0.090565 sec

Input size:		21		 	TEST PASSed
	Parallel wall clock time using 32 threads: 0.128356 sec

Input size:		21		 	TEST PASSed
	Parallel wall clock time using 64 threads: 0.196102 sec

Input size:		21		 	TEST PASSed
	Parallel wall clock time using 128 threads: 0.179477 sec

Input size:		21		 	TEST PASSed
	Parallel wall clock time using 256 threads: 0.137739 sec

Input size:		22		 	TEST PASSed
	Parallel wall clock time using 1 thread: 0.317143 sec

Input size:		22		 	TEST PASSed
	Parallel wall clock time using 2 threads: 0.273032 sec

Input size:		22		 	TEST PASSed
	Parallel wall clock time using 4 threads: 0.271513 sec

Input size:		22		 	TEST PASSed
	Parallel wall clock time using 8 threads: 0.237781 sec

Input size:		22		 	TEST PASSed
	Parallel wall clock time using 16 threads: 0.212629 sec

Input size:		22		 	TEST PASSed
	Parallel wall clock time using 32 threads: 0.215987 sec

Input size:		22		 	TEST PASSed
	Parallel wall clock time using 64 threads: 0.218252 sec

Input size:		22		 	TEST PASSed
	Parallel wall clock time using 128 threads: 0.258691 sec

Input size:		22		 	TEST PASSed
	Parallel wall clock time using 256 threads: 0.282111 sec

Input size:		23		 	TEST PASSed
	Parallel wall clock time using 1 thread: 0.744852 sec

Input size:		23		 	TEST PASSed
	Parallel wall clock time using 2 threads: 0.533290 sec

Input size:		23		 	TEST PASSed
	Parallel wall clock time using 4 threads: 0.495646 sec

Input size:		23		 	TEST PASSed
	Parallel wall clock time using 8 threads: 0.486592 sec

Input size:		23		 	TEST PASSed
	Parallel wall clock time using 16 threads: 0.379097 sec

Input size:		23		 	TEST PASSed
	Parallel wall clock time using 32 threads: 0.387971 sec

Input size:		23		 	TEST PASSed
	Parallel wall clock time using 64 threads: 0.459839 sec

Input size:		23		 	TEST PASSed
	Parallel wall clock time using 128 threads: 0.459379 sec

Input size:		23		 	TEST PASSed
	Parallel wall clock time using 256 threads: 0.437243 sec

Input size:		24		 	TEST PASSed
	Parallel wall clock time using 1 thread: 1.839986 sec

Input size:		24		 	TEST PASSed
	Parallel wall clock time using 1 thread: 1.851244 sec

Input size:		24		 	TEST PASSed
	Parallel wall clock time using 1 thread: 1.834802 sec

Input size:		24		 	TEST PASSed
	Parallel wall clock time using 2 threads: 1.199540 sec

Input size:		24		 	TEST PASSed
	Parallel wall clock time using 2 threads: 1.198463 sec

Input size:		24		 	TEST PASSed
	Parallel wall clock time using 2 threads: 1.225450 sec

Input size:		24		 	TEST PASSed
	Parallel wall clock time using 4 threads: 0.936460 sec

Input size:		24		 	TEST PASSed
	Parallel wall clock time using 4 threads: 0.783257 sec

Input size:		24		 	TEST PASSed
	Parallel wall clock time using 4 threads: 0.822911 sec

Input size:		24		 	TEST PASSed
	Parallel wall clock time using 8 threads: 0.882794 sec

Input size:		24		 	TEST PASSed
	Parallel wall clock time using 8 threads: 0.755824 sec

Input size:		24		 	TEST PASSed
	Parallel wall clock time using 8 threads: 0.685672 sec

Input size:		24		 	TEST PASSed
	Parallel wall clock time using 16 threads: 0.682537 sec

Input size:		24		 	TEST PASSed
	Parallel wall clock time using 16 threads: 0.690901 sec

Input size:		24		 	TEST PASSed
	Parallel wall clock time using 16 threads: 0.713160 sec

Input size:		24		 	TEST PASSed
	Parallel wall clock time using 32 threads: 0.693406 sec

Input size:		24		 	TEST PASSed
	Parallel wall clock time using 32 threads: 0.792675 sec

Input size:		24		 	TEST PASSed
	Parallel wall clock time using 32 threads: 0.660280 sec

Input size:		24		 	TEST PASSed
	Parallel wall clock time using 64 threads: 0.703062 sec

Input size:		24		 	TEST PASSed
	Parallel wall clock time using 64 threads: 0.781717 sec

Input size:		24		 	TEST PASSed
	Parallel wall clock time using 64 threads: 0.712705 sec

Input size:		24		 	TEST PASSed
	Parallel wall clock time using 128 threads: 0.915726 sec

Input size:		24		 	TEST PASSed
	Parallel wall clock time using 128 threads: 0.863950 sec

Input size:		24		 	TEST PASSed
	Parallel wall clock time using 128 threads: 0.788804 sec

Input size:		24		 	TEST PASSed
	Parallel wall clock time using 256 threads: 0.837245 sec

Input size:		24		 	TEST PASSed
	Parallel wall clock time using 256 threads: 0.831015 sec

Input size:		24		 	TEST PASSed
	Parallel wall clock time using 256 threads: 0.835251 sec

